  game.cpp
C:\Users\1123p\Desktop\창작물 상자\개발한것들\SnakeGame\SnakeGame\game.cpp(58,20): warning C4838: 'int'에서 'SHORT'(으)로의 변환에는 축소 변환이 필요합니다.
C:\Users\1123p\Desktop\창작물 상자\개발한것들\SnakeGame\SnakeGame\game.cpp(58,26): warning C4838: 'int'에서 'SHORT'(으)로의 변환에는 축소 변환이 필요합니다.
C:\Users\1123p\Desktop\창작물 상자\개발한것들\SnakeGame\SnakeGame\game.cpp(112,25): warning C4018: '>=': signed 또는 unsigned가 일치하지 않습니다.
C:\Users\1123p\Desktop\창작물 상자\개발한것들\SnakeGame\SnakeGame\game.cpp(192,27): warning C4018: '>': signed 또는 unsigned가 일치하지 않습니다.
C:\Program Files (x86)\Microsoft Visual Studio\2019\Community\VC\Tools\MSVC\14.28.29333\include\utility(190,16): warning C4244: '초기화 중': '_Ty'에서 '_Ty1'(으)로 변환하면서 데이터가 손실될 수 있습니다.
          with
          [
              _Ty=double
          ]
          and
          [
              _Ty1=int
          ]
C:\Users\1123p\Desktop\창작물 상자\개발한것들\SnakeGame\SnakeGame\game.cpp(15): message : 컴파일되는 함수 템플릿 인스턴스화 'std::pair<int,int>::pair<double,double,0>(_Other1 &&,_Other2 &&) noexcept'에 대한 참조를 확인하세요.
          with
          [
              _Other1=double,
              _Other2=double
          ]
C:\Users\1123p\Desktop\창작물 상자\개발한것들\SnakeGame\SnakeGame\game.cpp(15): message : 컴파일되는 함수 템플릿 인스턴스화 'std::pair<int,int>::pair<double,double,0>(_Other1 &&,_Other2 &&) noexcept'에 대한 참조를 확인하세요.
          with
          [
              _Other1=double,
              _Other2=double
          ]
C:\Program Files (x86)\Microsoft Visual Studio\2019\Community\VC\Tools\MSVC\14.28.29333\include\utility(190,1): warning C4244: '초기화 중': '_Ty'에서 '_Ty2'(으)로 변환하면서 데이터가 손실될 수 있습니다.
          with
          [
              _Ty=double
          ]
          and
          [
              _Ty2=int
          ]
  SnakeGame.vcxproj -> C:\Users\1123p\Desktop\창작물 상자\개발한것들\SnakeGame\Debug\SnakeGame.exe
